# JRE version: Java(TM) SE Runtime Environment (8.0_112-b15) (build 1.8.0_112-b15)
# Java VM: Java HotSpot(TM) 64-Bit Server VM (25.112-b15 mixed mode windows-amd64 compressed oops)
Heap:
 PSYoungGen      total 470016K, used 212579K [0x000000076ad80000, 0x000000078bc80000, 0x00000007c0000000)
  eden space 430080K, 45% used [0x000000076ad80000,0x0000000776b10130,0x0000000785180000)
  from space 39936K, 46% used [0x0000000787700000,0x0000000788908b80,0x0000000789e00000)
  to   space 38400K, 0% used [0x0000000785180000,0x0000000785180000,0x0000000787700000)
 ParOldGen       total 172544K, used 92166K [0x00000006c0800000, 0x00000006cb080000, 0x000000076ad80000)
  object space 172544K, 53% used [0x00000006c0800000,0x00000006c6201978,0x00000006cb080000)
 Metaspace       used 45676K, capacity 46311K, committed 46720K, reserved 1089536K
  class space    used 6024K, capacity 6230K, committed 6272K, reserved 1048576K
GC Heap History (10 events):
Event: 17.564 GC heap before
{Heap before GC invocations=14 (full 1):
 PSYoungGen      total 264704K, used 33872K [0x000000076ad80000, 0x000000077f280000, 0x00000007c0000000)
  eden space 233984K, 9% used [0x000000076ad80000,0x000000076c41e4a0,0x0000000779200000)
  from space 30720K, 34% used [0x000000077af80000,0x000000077b9f5c68,0x000000077cd80000)
  to   space 30208K, 0% used [0x0000000779200000,0x0000000779200000,0x000000077af80000)
 ParOldGen       total 175104K, used 85324K [0x00000006c0800000, 0x00000006cb300000, 0x000000076ad80000)
  object space 175104K, 48% used [0x00000006c0800000,0x00000006c5b533e0,0x00000006cb300000)
 Metaspace       used 30847K, capacity 31188K, committed 31360K, reserved 1077248K
  class space    used 4016K, capacity 4146K, committed 4224K, reserved 1048576K
Event: 17.588 GC heap after
Heap after GC invocations=14 (full 1):
 PSYoungGen      total 264192K, used 843K [0x000000076ad80000, 0x0000000785880000, 0x00000007c0000000)
  eden space 233984K, 0% used [0x000000076ad80000,0x000000076ad80000,0x0000000779200000)
  from space 30208K, 2% used [0x0000000779200000,0x00000007792d2d10,0x000000077af80000)
  to   space 31232K, 0% used [0x0000000783a00000,0x0000000783a00000,0x0000000785880000)
 ParOldGen       total 175104K, used 94360K [0x00000006c0800000, 0x00000006cb300000, 0x000000076ad80000)
  object space 175104K, 53% used [0x00000006c0800000,0x00000006c6426268,0x00000006cb300000)
 Metaspace       used 30847K, capacity 31188K, committed 31360K, reserved 1077248K
  class space    used 4016K, capacity 4146K, committed 4224K, reserved 1048576K
}
Event: 17.588 GC heap before
{Heap before GC invocations=15 (full 2):
 PSYoungGen      total 264192K, used 843K [0x000000076ad80000, 0x0000000785880000, 0x00000007c0000000)
  eden space 233984K, 0% used [0x000000076ad80000,0x000000076ad80000,0x0000000779200000)
  from space 30208K, 2% used [0x0000000779200000,0x00000007792d2d10,0x000000077af80000)
  to   space 31232K, 0% used [0x0000000783a00000,0x0000000783a00000,0x0000000785880000)
 ParOldGen       total 175104K, used 94360K [0x00000006c0800000, 0x00000006cb300000, 0x000000076ad80000)
  object space 175104K, 53% used [0x00000006c0800000,0x00000006c6426268,0x00000006cb300000)
 Metaspace       used 30847K, capacity 31188K, committed 31360K, reserved 1077248K
  class space    used 4016K, capacity 4146K, committed 4224K, reserved 1048576K
Event: 17.855 GC heap after
Heap after GC invocations=15 (full 2):
 PSYoungGen      total 264192K, used 0K [0x000000076ad80000, 0x0000000785880000, 0x00000007c0000000)
  eden space 233984K, 0% used [0x000000076ad80000,0x000000076ad80000,0x0000000779200000)
  from space 30208K, 0% used [0x0000000779200000,0x0000000779200000,0x000000077af80000)
  to   space 31232K, 0% used [0x0000000783a00000,0x0000000783a00000,0x0000000785880000)
 ParOldGen       total 172544K, used 65648K [0x00000006c0800000, 0x00000006cb080000, 0x000000076ad80000)
  object space 172544K, 38% used [0x00000006c0800000,0x00000006c481c3e8,0x00000006cb080000)
 Metaspace       used 30847K, capacity 31188K, committed 31360K, reserved 1077248K
  class space    used 4016K, capacity 4146K, committed 4224K, reserved 1048576K
}
Event: 19.539 GC heap before
{Heap before GC invocations=16 (full 2):
 PSYoungGen      total 264192K, used 233984K [0x000000076ad80000, 0x0000000785880000, 0x00000007c0000000)
  eden space 233984K, 100% used [0x000000076ad80000,0x0000000779200000,0x0000000779200000)
  from space 30208K, 0% used [0x0000000779200000,0x0000000779200000,0x000000077af80000)
  to   space 31232K, 0% used [0x0000000783a00000,0x0000000783a00000,0x0000000785880000)
 ParOldGen       total 172544K, used 65648K [0x00000006c0800000, 0x00000006cb080000, 0x000000076ad80000)
  object space 172544K, 38% used [0x00000006c0800000,0x00000006c481c3e8,0x00000006cb080000)
 Metaspace       used 34840K, capacity 35284K, committed 35712K, reserved 1079296K
  class space    used 4745K, capacity 4890K, committed 4992K, reserved 1048576K
Event: 19.568 GC heap after
Heap after GC invocations=16 (full 2):
 PSYoungGen      total 331776K, used 11088K [0x000000076ad80000, 0x0000000784500000, 0x00000007c0000000)
  eden space 320512K, 0% used [0x000000076ad80000,0x000000076ad80000,0x000000077e680000)
  from space 11264K, 98% used [0x0000000783a00000,0x00000007844d43b0,0x0000000784500000)
  to   space 30208K, 0% used [0x0000000780a00000,0x0000000780a00000,0x0000000782780000)
 ParOldGen       total 172544K, used 65656K [0x00000006c0800000, 0x00000006cb080000, 0x000000076ad80000)
  object space 172544K, 38% used [0x00000006c0800000,0x00000006c481e3e8,0x00000006cb080000)
 Metaspace       used 34840K, capacity 35284K, committed 35712K, reserved 1079296K
  class space    used 4745K, capacity 4890K, committed 4992K, reserved 1048576K
}
Event: 24.817 GC heap before
{Heap before GC invocations=17 (full 2):
 PSYoungGen      total 331776K, used 331600K [0x000000076ad80000, 0x0000000784500000, 0x00000007c0000000)
  eden space 320512K, 100% used [0x000000076ad80000,0x000000077e680000,0x000000077e680000)
  from space 11264K, 98% used [0x0000000783a00000,0x00000007844d43b0,0x0000000784500000)
  to   space 30208K, 0% used [0x0000000780a00000,0x0000000780a00000,0x0000000782780000)
 ParOldGen       total 172544K, used 65656K [0x00000006c0800000, 0x00000006cb080000, 0x000000076ad80000)
  object space 172544K, 38% used [0x00000006c0800000,0x00000006c481e3e8,0x00000006cb080000)
 Metaspace       used 39795K, capacity 40301K, committed 40576K, reserved 1085440K
  class space    used 5245K, capacity 5423K, committed 5504K, reserved 1048576K
Event: 24.854 GC heap after
Heap after GC invocations=17 (full 2):
 PSYoungGen      total 387072K, used 30182K [0x000000076ad80000, 0x0000000789e00000, 0x00000007c0000000)
  eden space 356864K, 0% used [0x000000076ad80000,0x000000076ad80000,0x0000000780a00000)
  from space 30208K, 99% used [0x0000000780a00000,0x0000000782779810,0x0000000782780000)
  to   space 39936K, 0% used [0x0000000787700000,0x0000000787700000,0x0000000789e00000)
 ParOldGen       total 172544K, used 80120K [0x00000006c0800000, 0x00000006cb080000, 0x000000076ad80000)
  object space 172544K, 46% used [0x00000006c0800000,0x00000006c563e178,0x00000006cb080000)
 Metaspace       used 39795K, capacity 40301K, committed 40576K, reserved 1085440K
  class space    used 5245K, capacity 5423K, committed 5504K, reserved 1048576K
}
Event: 34.403 GC heap before
{Heap before GC invocations=18 (full 2):
 PSYoungGen      total 387072K, used 387046K [0x000000076ad80000, 0x0000000789e00000, 0x00000007c0000000)
  eden space 356864K, 100% used [0x000000076ad80000,0x0000000780a00000,0x0000000780a00000)
  from space 30208K, 99% used [0x0000000780a00000,0x0000000782779810,0x0000000782780000)
  to   space 39936K, 0% used [0x0000000787700000,0x0000000787700000,0x0000000789e00000)
 ParOldGen       total 172544K, used 80120K [0x00000006c0800000, 0x00000006cb080000, 0x000000076ad80000)
  object space 172544K, 46% used [0x00000006c0800000,0x00000006c563e178,0x00000006cb080000)
 Metaspace       used 44818K, capacity 45409K, committed 45824K, reserved 1089536K
  class space    used 5932K, capacity 6125K, committed 6144K, reserved 1048576K
Event: 34.424 GC heap after
Heap after GC invocations=18 (full 2):
 PSYoungGen      total 470016K, used 18466K [0x000000076ad80000, 0x000000078bc80000, 0x00000007c0000000)
  eden space 430080K, 0% used [0x000000076ad80000,0x000000076ad80000,0x0000000785180000)
  from space 39936K, 46% used [0x0000000787700000,0x0000000788908b80,0x0000000789e00000)
  to   space 38400K, 0% used [0x0000000785180000,0x0000000785180000,0x0000000787700000)
 ParOldGen       total 172544K, used 92166K [0x00000006c0800000, 0x00000006cb080000, 0x000000076ad80000)
  object space 172544K, 53% used [0x00000006c0800000,0x00000006c6201978,0x00000006cb080000)
 Metaspace       used 44818K, capacity 45409K, committed 45824K, reserved 1089536K
  class space    used 5932K, capacity 6125K, committed 6144K, reserved 1048576K
}

